<?xml version="1.0" encoding="UTF-8"?>
<!-- Generated by org.testng.reporters.JUnitReportReporter -->
<testsuite skipped="0" hostname="DESKTOP-PUUGDUF" name="Demo.Demo.TestClass" tests="1" failures="0" timestamp="05 Dec 2019 10:27:13 GMT" time="21.774" errors="0">
  <testcase name="class1" time="21.774" classname="Demo.Demo.TestClass"/>
</testsuite> <!-- Demo.Demo.TestClass -->
